This is pdfTeX, Version 3.14159265-2.6-1.40.21 (MiKTeX 20.7) (preloaded format=pdflatex 2020.9.29)  5 JAN 2021 22:49
entering extended mode
**./IOS-Book-Article.tex
(IOS-Book-Article.tex
LaTeX2e <2020-02-02> patch level 5
L3 programming layer <2020-09-03> (IOS-Book-Article.cls
Document Class: IOS-Book-Article 2006/04/20 v1.0, IOS Press
(C:\Users\ASUS\AppData\Local\Programs\MiKTeX\tex/latex/base\fleqn.clo
File: fleqn.clo 2016/12/29 v1.2b Standard LaTeX option (flush left equations)
\mathindent=\dimen134
Applying: [2015/01/01] Make \[ robust on input line 50.
LaTeX Info: Redefining \[ on input line 51.
Already applied: [0000/00/00] Make \[ robust on input line 62.
Applying: [2015/01/01] Make \] robust on input line 74.
LaTeX Info: Redefining \] on input line 75.
Already applied: [0000/00/00] Make \] robust on input line 83.
)
Ten point
\c@section=\count168
\c@subsection=\count169
\c@subsubsection=\count170
\c@paragraph=\count171
\c@subparagraph=\count172
\c@figure=\count173
\c@table=\count174
\abovecaptionskip=\skip47
\belowcaptionskip=\skip48
\tablewidth=\dimen135
\saved@tablewidth=\dimen136
\c@algorithm=\count175
\t@glob@notes=\toks15
\t@loc@notes=\toks16
\note@cnt=\count176
\c@author=\count177
\n@author=\count178
\c@address=\count179
\sv@hyphenpenalty=\count180
\prev@elem=\count181
\cur@elem=\count182
\fm@box=\box45
\fm@size=\dimen137
\t@abstract=\box46
\t@keywords=\box47
\a@title@skip=\dimen138
\b@section@skip=\skip49
\b@pretitle@skip=\skip50
\t@xtheight=\dimen139
\@@topskip=\dimen140
\b@author@skip=\dimen141
\dp@t@keywords=\dimen142
\@pubyear=\count183
\@copyear=\count184

! LaTeX Error: Missing \begin{document}.

See the LaTeX manual or LaTeX Companion for explanation.
Type  H <return>  for immediate help.
 ...                                              
                                                  
l.1197 <
        <<<<<< HEAD
You're in trouble here.  Try typing  <return>  to proceed.
If that doesn't work, type  X <return>  to quit.


Overfull \hbox (37.4445pt too wide) in paragraph at lines 1197--1198
[]\OT1/cmr/m/n/10 <<<<<<<
 []


Overfull \hbox (29.4445pt too wide) in paragraph at lines 1197--1198
\OT1/cmr/m/n/10 HEAD 
 []


! LaTeX Error: Missing \begin{document}.

See the LaTeX manual or LaTeX Companion for explanation.
Type  H <return>  for immediate help.
 ...                                              
                                                  
l.1199 =
        ======
You're in trouble here.  Try typing  <return>  to proceed.
If that doesn't work, type  X <return>  to quit.

)
Overfull \hbox (72.44461pt too wide) in paragraph at lines 1199--3
[]\OT1/cmr/m/n/10 =======
 []


Overfull \hbox (33.0556pt too wide) in paragraph at lines 1199--3
\OT1/cmr/m/n/10 >>>>>>>
 []


Overfull \hbox (40.83345pt too wide) in paragraph at lines 1199--3
\OT1/cmr/m/n/10 c5f4a12...
 []


Overfull \hbox (20.33336pt too wide) in paragraph at lines 1199--3
\OT1/cmr/m/n/10 Mise
 []


Overfull \hbox (5.00002pt too wide) in paragraph at lines 1199--3
\OT1/cmr/m/n/10 a
 []


Overfull \hbox (17.52783pt too wide) in paragraph at lines 1199--3
\OT1/cmr/m/n/10 jour
 []


Overfull \hbox (33.88898pt too wide) in paragraph at lines 1199--3
\OT1/cmr/m/n/10 Method 
 []

(C:\Users\ASUS\AppData\Local\Programs\MiKTeX\tex/latex/psnfss\mathptmx.sty
Package: mathptmx 2020/03/25 PSNFSS-v9.3 Times w/ Math, improved (SPQR, WaS) 
LaTeX Font Info:    Redeclaring symbol font `operators' on input line 28.
LaTeX Font Info:    Overwriting symbol font `operators' in version `normal'
(Font)                  OT1/cmr/m/n --> OT1/ztmcm/m/n on input line 28.
LaTeX Font Info:    Overwriting symbol font `operators' in version `bold'
(Font)                  OT1/cmr/bx/n --> OT1/ztmcm/m/n on input line 28.
LaTeX Font Info:    Redeclaring symbol font `letters' on input line 29.
LaTeX Font Info:    Overwriting symbol font `letters' in version `normal'
(Font)                  OML/cmm/m/it --> OML/ztmcm/m/it on input line 29.
LaTeX Font Info:    Overwriting symbol font `letters' in version `bold'
(Font)                  OML/cmm/b/it --> OML/ztmcm/m/it on input line 29.
LaTeX Font Info:    Redeclaring symbol font `symbols' on input line 30.
LaTeX Font Info:    Overwriting symbol font `symbols' in version `normal'
(Font)                  OMS/cmsy/m/n --> OMS/ztmcm/m/n on input line 30.
LaTeX Font Info:    Overwriting symbol font `symbols' in version `bold'
(Font)                  OMS/cmsy/b/n --> OMS/ztmcm/m/n on input line 30.
LaTeX Font Info:    Redeclaring symbol font `largesymbols' on input line 31.
LaTeX Font Info:    Overwriting symbol font `largesymbols' in version `normal'
(Font)                  OMX/cmex/m/n --> OMX/ztmcm/m/n on input line 31.
LaTeX Font Info:    Overwriting symbol font `largesymbols' in version `bold'
(Font)                  OMX/cmex/m/n --> OMX/ztmcm/m/n on input line 31.
\symbold=\mathgroup4
\symitalic=\mathgroup5
LaTeX Font Info:    Redeclaring math alphabet \mathbf on input line 34.
LaTeX Font Info:    Overwriting math alphabet `\mathbf' in version `normal'
(Font)                  OT1/cmr/bx/n --> OT1/ptm/bx/n on input line 34.
LaTeX Font Info:    Overwriting math alphabet `\mathbf' in version `bold'
(Font)                  OT1/cmr/bx/n --> OT1/ptm/bx/n on input line 34.
LaTeX Font Info:    Redeclaring math alphabet \mathit on input line 35.
LaTeX Font Info:    Overwriting math alphabet `\mathit' in version `normal'
(Font)                  OT1/cmr/m/it --> OT1/ptm/m/it on input line 35.
LaTeX Font Info:    Overwriting math alphabet `\mathit' in version `bold'
(Font)                  OT1/cmr/bx/it --> OT1/ptm/m/it on input line 35.
LaTeX Info: Redefining \hbar on input line 50.
)
(C:\Users\ASUS\AppData\Local\Programs\MiKTeX\tex/generic/soul\soul.sty
Package: soul 2003/11/17 v2.4 letterspacing/underlining (mf)
\SOUL@word=\toks17
\SOUL@lasttoken=\toks18
\SOUL@cmds=\toks19
\SOUL@buffer=\toks20
\SOUL@token=\toks21
\SOUL@spaceskip=\skip51
\SOUL@ttwidth=\dimen143
\SOUL@uldp=\dimen144
\SOUL@ulht=\dimen145
)
(C:\Users\ASUS\AppData\Local\Programs\MiKTeX\tex/latex/l3backend\l3backend-pdft
ex.def
File: l3backend-pdftex.def 2020-09-01 L3 backend support: PDF output (pdfTeX)
\l__kernel_color_stack_int=\count185
\l__pdf_internal_box=\box48
)
No file IOS-Book-Article.aux.
\openout1 = `IOS-Book-Article.aux'.

LaTeX Font Info:    Checking defaults for OML/cmm/m/it on input line 14.
LaTeX Font Info:    ... okay on input line 14.
LaTeX Font Info:    Checking defaults for OMS/cmsy/m/n on input line 14.
LaTeX Font Info:    ... okay on input line 14.
LaTeX Font Info:    Checking defaults for OT1/cmr/m/n on input line 14.
LaTeX Font Info:    ... okay on input line 14.
LaTeX Font Info:    Checking defaults for T1/cmr/m/n on input line 14.
LaTeX Font Info:    ... okay on input line 14.
LaTeX Font Info:    Checking defaults for TS1/cmr/m/n on input line 14.
LaTeX Font Info:    ... okay on input line 14.
LaTeX Font Info:    Checking defaults for OMX/cmex/m/n on input line 14.
LaTeX Font Info:    ... okay on input line 14.
LaTeX Font Info:    Checking defaults for U/cmr/m/n on input line 14.
LaTeX Font Info:    ... okay on input line 14.
LaTeX Font Info:    Trying to load font information for OT1+ptm on input line 1
4.
(C:\Users\ASUS\AppData\Local\Programs\MiKTeX\tex/latex/psnfss\ot1ptm.fd
File: ot1ptm.fd 2001/06/04 font definitions for OT1/ptm.
)
\big@size=\dimen146
LaTeX Font Info:    Trying to load font information for OT1+ztmcm on input line
 24.

(C:\Users\ASUS\AppData\Local\Programs\MiKTeX\tex/latex/psnfss\ot1ztmcm.fd
File: ot1ztmcm.fd 2000/01/03 Fontinst v1.801 font definitions for OT1/ztmcm.
)
LaTeX Font Info:    Trying to load font information for OML+ztmcm on input line
 24.

(C:\Users\ASUS\AppData\Local\Programs\MiKTeX\tex/latex/psnfss\omlztmcm.fd
File: omlztmcm.fd 2000/01/03 Fontinst v1.801 font definitions for OML/ztmcm.
)
LaTeX Font Info:    Trying to load font information for OMS+ztmcm on input line
 24.

(C:\Users\ASUS\AppData\Local\Programs\MiKTeX\tex/latex/psnfss\omsztmcm.fd
File: omsztmcm.fd 2000/01/03 Fontinst v1.801 font definitions for OMS/ztmcm.
)
LaTeX Font Info:    Trying to load font information for OMX+ztmcm on input line
 24.

(C:\Users\ASUS\AppData\Local\Programs\MiKTeX\tex/latex/psnfss\omxztmcm.fd
File: omxztmcm.fd 2000/01/03 Fontinst v1.801 font definitions for OMX/ztmcm.
)
LaTeX Font Info:    Font shape `OT1/ptm/bx/n' in size <20.74> not available
(Font)              Font shape `OT1/ptm/b/n' tried instead on input line 24.
LaTeX Font Info:    Font shape `OT1/ptm/bx/n' in size <14.4> not available
(Font)              Font shape `OT1/ptm/b/n' tried instead on input line 24.
LaTeX Font Info:    Font shape `OT1/ptm/bx/n' in size <12> not available
(Font)              Font shape `OT1/ptm/b/n' tried instead on input line 24.
LaTeX Font Info:    Font shape `OT1/ptm/bx/n' in size <10> not available
(Font)              Font shape `OT1/ptm/b/n' tried instead on input line 32.
LaTeX Font Info:    Font shape `OT1/ptm/bx/n' in size <7.4> not available
(Font)              Font shape `OT1/ptm/b/n' tried instead on input line 32.
LaTeX Font Info:    Font shape `OT1/ptm/bx/n' in size <6> not available
(Font)              Font shape `OT1/ptm/b/n' tried instead on input line 32.


LaTeX Warning: Reference `A' on page  undefined on input line 32.


LaTeX Warning: Reference `B' on page  undefined on input line 33.


LaTeX Warning: Reference `B' on page  undefined on input line 35.

LaTeX Font Info:    Font shape `OT1/ptm/bx/n' in size <8> not available
(Font)              Font shape `OT1/ptm/b/n' tried instead on input line 43.
LaTeX Font Info:    Font shape `OT1/ptm/bx/n' in size <5> not available
(Font)              Font shape `OT1/ptm/b/n' tried instead on input line 43.

Overfull \hbox (5.23743pt too wide) in paragraph at lines 101--103
\OT1/ptm/m/n/10 Use the stan-dard L[]T[]X com-mands for head-ings: [][]\OT1/cmt
t/m/n/9 \section[]\OT1/ptm/m/n/9 , [][]\OT1/cmtt/m/n/9 \subsection[]\OT1/ptm/m/
n/9 , [][]\OT1/cmtt/m/n/9 \subsubsection[]\OT1/ptm/m/n/9 ,
 []


Overfull \vbox (416.76399pt too high) has occurred while \output is active []


[1{C:/Users/ASUS/AppData/Local/MiKTeX/pdftex/config/pdftex.map}] [2] [3]
[4] (IOS-Book-Article.aux)

LaTeX Warning: There were undefined references.


LaTeX Warning: Label(s) may have changed. Rerun to get cross-references right.

 ) 
Here is how much of TeX's memory you used:
 939 strings out of 481199
 14101 string characters out of 2906064
 252059 words of memory out of 3000000
 16576 multiletter control sequences out of 15000+200000
 575796 words of font info for 104 fonts, out of 3000000 for 9000
 1141 hyphenation exceptions out of 8191
 23i,7n,30p,241b,253s stack positions out of 5000i,500n,10000p,200000b,50000s
{C:/Users/ASUS/AppData/Local/Programs/MiKTeX/fonts/enc/dvips/base/8r.enc}<C:/
Users/ASUS/AppData/Local/Programs/MiKTeX/fonts/type1/public/amsfonts/cm/cmmi10.
pfb><C:/Users/ASUS/AppData/Local/Programs/MiKTeX/fonts/type1/public/amsfonts/cm
/cmr10.pfb><C:/Users/ASUS/AppData/Local/Programs/MiKTeX/fonts/type1/public/amsf
onts/cm/cmss10.pfb><C:/Users/ASUS/AppData/Local/Programs/MiKTeX/fonts/type1/pub
lic/amsfonts/cm/cmtt10.pfb><C:/Users/ASUS/AppData/Local/Programs/MiKTeX/fonts/t
ype1/public/amsfonts/cm/cmtt9.pfb><C:/Users/ASUS/AppData/Local/Programs/MiKTeX/
fonts/type1/urw/times/utmb8a.pfb><C:/Users/ASUS/AppData/Local/Programs/MiKTeX/f
onts/type1/urw/times/utmr8a.pfb><C:/Users/ASUS/AppData/Local/Programs/MiKTeX/fo
nts/type1/urw/times/utmri8a.pfb>
Output written on IOS-Book-Article.pdf (4 pages, 118044 bytes).
PDF statistics:
 48 PDF objects out of 1000 (max. 8388607)
 0 named destinations out of 1000 (max. 500000)
 1 words of extra memory for PDF output out of 10000 (max. 10000000)

